\BOOKMARK [0][-]{chapter.1}{Introduction}{}% 1
\BOOKMARK [1][-]{section.1.1}{Project aims and objectives}{chapter.1}% 2
\BOOKMARK [2][-]{subsection.1.1.1}{Project specific objectives}{section.1.1}% 3
\BOOKMARK [3][-]{subsubsection.1.1.1.1}{Dynamical system analysis}{subsection.1.1.1}% 4
\BOOKMARK [3][-]{subsubsection.1.1.1.2}{FSM algorithm and random with robotic arms}{subsection.1.1.1}% 5
\BOOKMARK [3][-]{subsubsection.1.1.1.3}{Actuation with robotic arms}{subsection.1.1.1}% 6
\BOOKMARK [1][-]{section.1.2}{Introduction and motivation}{chapter.1}% 7
\BOOKMARK [1][-]{section.1.3}{Literature review}{chapter.1}% 8
\BOOKMARK [2][-]{subsection.1.3.1}{Spacecraft design basics and requirements}{section.1.3}% 9
\BOOKMARK [3][-]{subsubsection.1.3.1.1}{Spacecraft Design Constraints versus Robotics}{subsection.1.3.1}% 10
\BOOKMARK [3][-]{subsubsection.1.3.1.2}{Whole-system Design Methodology}{subsection.1.3.1}% 11
\BOOKMARK [3][-]{subsubsection.1.3.1.3}{Attitude Control Hardware}{subsection.1.3.1}% 12
\BOOKMARK [3][-]{subsubsection.1.3.1.4}{Active Attitude Control Actuators}{subsection.1.3.1}% 13
\BOOKMARK [3][-]{subsubsection.1.3.1.5}{Attitude Control and De-spin of an Asteroid}{subsection.1.3.1}% 14
\BOOKMARK [2][-]{subsection.1.3.2}{Active space debris capturing and removal methods}{section.1.3}% 15
\BOOKMARK [3][-]{subsubsection.1.3.2.1}{Stiff connection capturing}{subsection.1.3.2}% 16
\BOOKMARK [3][-]{subsubsection.1.3.2.2}{Flexible connection capturing}{subsection.1.3.2}% 17
\BOOKMARK [2][-]{subsection.1.3.3}{Conclusion and Discussion}{section.1.3}% 18
\BOOKMARK [2][-]{subsection.1.3.4}{Reconfigurable robots}{section.1.3}% 19
\BOOKMARK [3][-]{subsubsection.1.3.4.1}{Pack robots}{subsection.1.3.4}% 20
\BOOKMARK [3][-]{subsubsection.1.3.4.2}{Herd robots}{subsection.1.3.4}% 21
\BOOKMARK [3][-]{subsubsection.1.3.4.3}{Swarm robots}{subsection.1.3.4}% 22
\BOOKMARK [3][-]{subsubsection.1.3.4.4}{Desired properties of SR robots}{subsection.1.3.4}% 23
\BOOKMARK [3][-]{subsubsection.1.3.4.5}{Types of SR robots}{subsection.1.3.4}% 24
\BOOKMARK [3][-]{subsubsection.1.3.4.6}{Computing and Communication Infrastructure}{subsection.1.3.4}% 25
\BOOKMARK [3][-]{subsubsection.1.3.4.7}{The Self-Reconfiguration problem}{subsection.1.3.4}% 26
\BOOKMARK [3][-]{subsubsection.1.3.4.8}{Task-driven self-reconfiguration the way forward}{subsection.1.3.4}% 27
\BOOKMARK [3][-]{subsubsection.1.3.4.9}{Manipulations and Gait}{subsection.1.3.4}% 28
\BOOKMARK [3][-]{subsubsection.1.3.4.10}{Interesting research challenges}{subsection.1.3.4}% 29
\BOOKMARK [3][-]{subsubsection.1.3.4.11}{From Basic Functionalities to Behaviours}{subsection.1.3.4}% 30
\BOOKMARK [1][-]{section.1.4}{Dissertation outline}{chapter.1}% 31
\BOOKMARK [0][-]{chapter.2}{Background}{}% 32
\BOOKMARK [1][-]{section.2.1}{Section}{chapter.2}% 33
\BOOKMARK [2][-]{subsection.2.1.1}{Subsection}{section.2.1}% 34
\BOOKMARK [3][-]{subsubsection.2.1.1.1}{Subsubsection}{subsection.2.1.1}% 35
\BOOKMARK [0][-]{chapter.3}{Background}{}% 36
\BOOKMARK [1][-]{section.3.1}{Section}{chapter.3}% 37
\BOOKMARK [2][-]{subsection.3.1.1}{Subsection}{section.3.1}% 38
\BOOKMARK [3][-]{subsubsection.3.1.1.1}{Subsubsection}{subsection.3.1.1}% 39
\BOOKMARK [0][-]{chapter.4}{Modelling of a rotating free-floating object dynamic interactions with a mass moving on its surface}{}% 40
\BOOKMARK [1][-]{section.4.1}{Introductory illustration the Yo-Yo despin mechanism}{chapter.4}% 41
\BOOKMARK [2][-]{subsection.4.1.1}{System description}{section.4.1}% 42
\BOOKMARK [1][-]{section.4.2}{System modelling}{chapter.4}% 43
\BOOKMARK [2][-]{subsection.4.2.1}{Continuous model}{section.4.2}% 44
\BOOKMARK [2][-]{subsection.4.2.2}{Discrete point mass model BEWARE IT NEGLECTS ROTATION ON Er AXIS IE ON ITSELF IN OTHER WORD THE ROTATION OF THE SPHERICAL BASIS ON ITSELF}{section.4.2}% 45
\BOOKMARK [1][-]{section.4.3}{Angular momentum and Energy Approach}{chapter.4}% 46
\BOOKMARK [2][-]{subsection.4.3.1}{Hypotheses}{section.4.3}% 47
\BOOKMARK [2][-]{subsection.4.3.2}{Expression in any vector basis}{section.4.3}% 48
\BOOKMARK [2][-]{subsection.4.3.3}{Objectives}{section.4.3}% 49
\BOOKMARK [3][-]{subsubsection.4.3.3.1}{Assumptions}{subsection.4.3.3}% 50
\BOOKMARK [3][-]{subsubsection.4.3.3.2}{Engineering Objectives}{subsection.4.3.3}% 51
\BOOKMARK [2][-]{subsection.4.3.4}{In our case}{section.4.3}% 52
\BOOKMARK [3][-]{subsubsection.4.3.4.1}{Angular Momentum Calculation}{subsection.4.3.4}% 53
\BOOKMARK [3][-]{subsubsection.4.3.4.2}{Kinetic Energy Calculation}{subsection.4.3.4}% 54
\BOOKMARK [1][-]{section.4.4}{Angular Velocity Command}{chapter.4}% 55
\BOOKMARK [2][-]{subsection.4.4.1}{Non contributing velocity command}{section.4.4}% 56
\BOOKMARK [2][-]{subsection.4.4.2}{Error vector magnitude stability?}{section.4.4}% 57
\BOOKMARK [2][-]{subsection.4.4.3}{Elimination of the added mass}{section.4.4}% 58
\BOOKMARK [3][-]{subsubsection.4.4.3.1}{naive control command opposite velocity}{subsection.4.4.3}% 59
\BOOKMARK [2][-]{subsection.4.4.4}{Landing site}{section.4.4}% 60
\BOOKMARK [3][-]{subsubsection.4.4.4.1}{Ellipsoid generation}{subsection.4.4.4}% 61
\BOOKMARK [3][-]{subsubsection.4.4.4.2}{Model}{subsection.4.4.4}% 62
\BOOKMARK [3][-]{subsubsection.4.4.4.3}{Error vector}{subsection.4.4.4}% 63
\BOOKMARK [2][-]{subsection.4.4.5}{System plant time-dependent state space model}{section.4.4}% 64
\BOOKMARK [3][-]{subsubsection.4.4.5.1}{System equilibria USEFUL??}{subsection.4.4.5}% 65
\BOOKMARK [3][-]{subsubsection.4.4.5.2}{Observability and controllability}{subsection.4.4.5}% 66
\BOOKMARK [3][-]{subsubsection.4.4.5.3}{Design of a MPC feedback controller for maintaining the initial rotational state \(with and without constraints\)}{subsection.4.4.5}% 67
\BOOKMARK [3][-]{subsubsection.4.4.5.4}{Design of a MPC feedback controller for controlling the rotational state of the object \(with and without constraints\)}{subsection.4.4.5}% 68
\BOOKMARK [0][-]{chapter.5}{Envelopment Task}{}% 69
\BOOKMARK [1][-]{section.5.1}{Description of the task}{chapter.5}% 70
\BOOKMARK [1][-]{section.5.2}{Principle for the robot design}{chapter.5}% 71
\BOOKMARK [1][-]{section.5.3}{Control Algorithm Design / Management of Failures / Proof of completion and correctness}{chapter.5}% 72
\BOOKMARK [1][-]{section.5.4}{Experimental Setup}{chapter.5}% 73
\BOOKMARK [1][-]{section.5.5}{Report and interpret results conclude and open on next chapter}{chapter.5}% 74
\BOOKMARK [1][-]{section.5.6}{Bibliography: for chapter 2}{chapter.5}% 75
\BOOKMARK [0][-]{chapter.6}{Arm Stabilisation}{}% 76
\BOOKMARK [1][-]{section.6.1}{Reverting the paradigm using robotic arms as actuators}{chapter.6}% 77
\BOOKMARK [1][-]{section.6.2}{Algorithm 1 Mathematical Model Problem Formulation Control Design Experimental setup Simulation Results Conclusions}{chapter.6}% 78
\BOOKMARK [1][-]{section.6.3}{Algorithm 2 Mathematical Model Problem Formulation Control Design Experimental setup Simulation Results Conclusions}{chapter.6}% 79
\BOOKMARK [1][-]{section.6.4}{ 4\) Algorithm 3 Mathematical Model Problem Formulation Control Design Experimental setup Simulation Results Conclusions}{chapter.6}% 80
\BOOKMARK [1][-]{section.6.5}{Bibliography: for chapter 3}{chapter.6}% 81
\BOOKMARK [0][-]{chapter.7}{Conclusion and Future Work}{}% 82
\BOOKMARK [0][-]{appendix.A}{Foo}{}% 83
\BOOKMARK [0][-]{appendix*.79}{Bibliography}{}% 84
